0 info it worked if it ends with ok
1 verbose cli [ 'C:\\Program Files\\nodejs\\node.exe',
1 verbose cli   'C:\\Program Files\\nodejs\\node_modules\\npm\\bin\\npm-cli.js',
1 verbose cli   'run',
1 verbose cli   'dev' ]
2 info using npm@3.10.10
3 info using node@v6.17.1
4 verbose run-script [ 'predev', 'dev', 'postdev' ]
5 info lifecycle dreamhouse-web-app@1.0.0~predev: dreamhouse-web-app@1.0.0
6 silly lifecycle dreamhouse-web-app@1.0.0~predev: no script for predev, continuing
7 info lifecycle dreamhouse-web-app@1.0.0~dev: dreamhouse-web-app@1.0.0
8 verbose lifecycle dreamhouse-web-app@1.0.0~dev: unsafe-perm in lifecycle true
9 verbose lifecycle dreamhouse-web-app@1.0.0~dev: PATH: C:\Users\dana\AppData\Roaming\nvm\v6.17.1\node_modules\npm\bin\node-gyp-bin;C:\Users\dana\projects\salesforce\intro-to-heroku\node_modules\.bin;C:\Program Files (x86)\Common Files\Oracle\Java\javapath;C:\Program Files (x86)\Microsoft SDKs\Azure\CLI2\wbin;C:\ProgramData\DockerDesktop\version-bin;C:\Program Files\Docker\Docker\Resources\bin;C:\Windows\system32;C:\Windows;C:\Windows\System32\Wbem;C:\Windows\System32\WindowsPowerShell\v1.0\;C:\Windows\System32\OpenSSH\;C:\Program Files\Git\cmd;C:\Users\dana\AppData\Roaming\nvm;C:\Program Files\nodejs;C:\Program Files (x86)\dotnet\;C:\Ruby26-x64\bin;C:\Users\dana\AppData\Local\Microsoft\WindowsApps;C:\Users\dana\AppData\Local\Programs\Microsoft VS Code\bin;C:\Users\dana\AppData\Roaming\nvm;C:\Program Files\nodejs;C:\Program Files\Salesforce CLI\bin;C:\Users\dana\AppData\Local\Keybase\;C:\Program Files\heroku\bin
10 verbose lifecycle dreamhouse-web-app@1.0.0~dev: CWD: C:\Users\dana\projects\salesforce\intro-to-heroku
11 silly lifecycle dreamhouse-web-app@1.0.0~dev: Args: [ '/d /s /c',
11 silly lifecycle   'node node_modules/nodemon/bin/nodemon.js server.js' ]
12 silly lifecycle dreamhouse-web-app@1.0.0~dev: Returned: code: 1  signal: null
13 info lifecycle dreamhouse-web-app@1.0.0~dev: Failed to exec dev script
14 verbose stack Error: dreamhouse-web-app@1.0.0 dev: `node node_modules/nodemon/bin/nodemon.js server.js`
14 verbose stack Exit status 1
14 verbose stack     at EventEmitter.<anonymous> (C:\Users\dana\AppData\Roaming\nvm\v6.17.1\node_modules\npm\lib\utils\lifecycle.js:255:16)
14 verbose stack     at emitTwo (events.js:106:13)
14 verbose stack     at EventEmitter.emit (events.js:191:7)
14 verbose stack     at ChildProcess.<anonymous> (C:\Users\dana\AppData\Roaming\nvm\v6.17.1\node_modules\npm\lib\utils\spawn.js:40:14)
14 verbose stack     at emitTwo (events.js:106:13)
14 verbose stack     at ChildProcess.emit (events.js:191:7)
14 verbose stack     at maybeClose (internal/child_process.js:920:16)
14 verbose stack     at Process.ChildProcess._handle.onexit (internal/child_process.js:230:5)
15 verbose pkgid dreamhouse-web-app@1.0.0
16 verbose cwd C:\Users\dana\projects\salesforce\intro-to-heroku
17 error Windows_NT 10.0.18363
18 error argv "C:\\Program Files\\nodejs\\node.exe" "C:\\Program Files\\nodejs\\node_modules\\npm\\bin\\npm-cli.js" "run" "dev"
19 error node v6.17.1
20 error npm  v3.10.10
21 error code ELIFECYCLE
22 error dreamhouse-web-app@1.0.0 dev: `node node_modules/nodemon/bin/nodemon.js server.js`
22 error Exit status 1
23 error Failed at the dreamhouse-web-app@1.0.0 dev script 'node node_modules/nodemon/bin/nodemon.js server.js'.
23 error Make sure you have the latest version of node.js and npm installed.
23 error If you do, this is most likely a problem with the dreamhouse-web-app package,
23 error not with npm itself.
23 error Tell the author that this fails on your system:
23 error     node node_modules/nodemon/bin/nodemon.js server.js
23 error You can get information on how to open an issue for this project with:
23 error     npm bugs dreamhouse-web-app
23 error Or if that isn't available, you can get their info via:
23 error     npm owner ls dreamhouse-web-app
23 error There is likely additional logging output above.
24 verbose exit [ 1, true ]
